E:\MISHA\DOCUMENTS\LABS_SEM2\LAB1\JOB_1\JOB_1\DEBUG\TESTDB.OBJ
E:\MISHA\DOCUMENTS\LABS_SEM2\LAB1\JOB_1\JOB_1\DEBUG\VC110.PDB
E:\MISHA\DOCUMENTS\LABS_SEM2\LAB1\JOB_1\DEBUG\JOB_1.ILK
E:\MISHA\DOCUMENTS\LABS_SEM2\LAB1\JOB_1\DEBUG\JOB_1.EXE
E:\MISHA\DOCUMENTS\LABS_SEM2\LAB1\JOB_1\DEBUG\JOB_1.PDB
E:\misha\Documents\Labs_sem2\lab1\job_1\job_1\Debug\testDB.obj
E:\misha\Documents\Labs_sem2\lab1\job_1\job_1\Debug\cl.command.1.tlog
E:\misha\Documents\Labs_sem2\lab1\job_1\job_1\Debug\CL.read.1.tlog
E:\misha\Documents\Labs_sem2\lab1\job_1\job_1\Debug\CL.write.1.tlog
E:\misha\Documents\Labs_sem2\lab1\job_1\job_1\Debug\link-cvtres.read.1.tlog
E:\misha\Documents\Labs_sem2\lab1\job_1\job_1\Debug\link-cvtres.write.1.tlog
E:\misha\Documents\Labs_sem2\lab1\job_1\job_1\Debug\link-rc.read.1.tlog
E:\misha\Documents\Labs_sem2\lab1\job_1\job_1\Debug\link-rc.write.1.tlog
E:\misha\Documents\Labs_sem2\lab1\job_1\job_1\Debug\link.command.1.tlog
E:\misha\Documents\Labs_sem2\lab1\job_1\job_1\Debug\link.read.1.tlog
E:\misha\Documents\Labs_sem2\lab1\job_1\job_1\Debug\link.read.2.tlog
E:\misha\Documents\Labs_sem2\lab1\job_1\job_1\Debug\link.write.1.tlog
E:\misha\Documents\Labs_sem2\lab1\job_1\job_1\Debug\vc110.idb
E:\misha\Documents\Labs_sem2\lab1\job_1\job_1\Debug\vc110.pdb
E:\misha\Documents\Labs_sem2\lab1\job_1\Debug\job_1.pdb
E:\misha\Documents\Labs_sem2\lab1\job_1\Debug\job_1.exe
E:\misha\Documents\Labs_sem2\lab1\job_1\Debug\job_1.ilk
